<?xml version="1.0" encoding="UTF-8"?>
<!-- Generated by org.testng.reporters.JUnitReportReporter -->
<testsuite hostname="Chitralekha" failures="0" tests="3" name="TestNG.Lab9_4q" time="21.747" errors="0" timestamp="2025-08-19T16:04:43 IST" skipped="0">
  <testcase classname="TestNG.Lab9_4q" name="f" time="5.724"/>
  <testcase classname="TestNG.Lab9_4q" name="f" time="7.842"/>
  <testcase classname="TestNG.Lab9_4q" name="f" time="8.181"/>
</testsuite> <!-- TestNG.Lab9_4q -->
