<?xml version="1.0" encoding="UTF-8"?>
<!-- Generated by org.testng.reporters.JUnitReportReporter -->
<testsuite hostname="Chitralekha" failures="0" tests="3" name="TestNG.demo" time="36.651" errors="0" timestamp="2025-08-19T10:07:04 IST" skipped="0">
  <testcase classname="TestNG.demo" name="test2" time="3.439"/>
  <testcase classname="TestNG.demo" name="test2" time="21.767"/>
  <testcase classname="TestNG.demo" name="test2" time="11.445"/>
</testsuite> <!-- TestNG.demo -->
