<?xml version="1.0" encoding="UTF-8"?>
<!-- Generated by org.testng.reporters.JUnitReportReporter -->
<testsuite hostname="Chitralekha" failures="0" tests="1" name="Practice_Questions.Q5_Alert" time="8.881" errors="0" timestamp="2025-08-29T14:49:33 IST" skipped="0">
  <testcase classname="Practice_Questions.Q5_Alert" name="f" time="8.881"/>
</testsuite> <!-- Practice_Questions.Q5_Alert -->
