<?xml version="1.0" encoding="UTF-8"?>
<!-- Generated by org.testng.reporters.JUnitReportReporter -->
<testsuite hostname="Chitralekha" failures="0" tests="1" name="Practice_Questions.Q1_Java" time="2.854" errors="0" timestamp="2025-08-26T09:44:32 IST" skipped="0">
  <testcase classname="Practice_Questions.Q1_Java" name="f" time="2.854"/>
</testsuite> <!-- Practice_Questions.Q1_Java -->
