<?xml version="1.0" encoding="UTF-8"?>
<!-- Generated by org.testng.reporters.JUnitReportReporter -->
<testsuite hostname="Chitralekha" failures="0" tests="3" name="TestNG.Lab9_3q" time="24.153" errors="0" timestamp="2025-08-19T16:04:43 IST" skipped="0">
  <testcase classname="TestNG.Lab9_3q" name="f" time="6.283"/>
  <testcase classname="TestNG.Lab9_3q" name="f" time="9.148"/>
  <testcase classname="TestNG.Lab9_3q" name="f" time="8.722"/>
</testsuite> <!-- TestNG.Lab9_3q -->
