<?xml version="1.0" encoding="UTF-8"?>
<!-- Generated by org.testng.reporters.JUnitReportReporter -->
<testsuite hostname="Chitralekha" failures="0" tests="1" name="Practice_Questions.Q8_Multiple_WindowsHandling" time="8.381" errors="0" timestamp="2025-08-26T15:28:03 IST" skipped="0">
  <testcase classname="Practice_Questions.Q8_Multiple_WindowsHandling" name="f" time="8.381"/>
</testsuite> <!-- Practice_Questions.Q8_Multiple_WindowsHandling -->
