<?xml version="1.0" encoding="UTF-8"?>
<!-- Generated by org.testng.reporters.JUnitReportReporter -->
<testsuite hostname="Chitralekha" failures="0" tests="1" name="Practice_Questions.Q6" time="5.192" errors="0" timestamp="2025-08-26T13:07:50 IST" skipped="0">
  <testcase classname="Practice_Questions.Q6" name="f" time="5.192"/>
</testsuite> <!-- Practice_Questions.Q6 -->
