<?xml version="1.0" encoding="UTF-8"?>
<!-- Generated by org.testng.reporters.JUnitReportReporter -->
<testsuite hostname="Chitralekha" failures="0" tests="1" name="Practice_Questions.Q5" time="5.343" errors="0" timestamp="2025-08-26T12:30:31 IST" skipped="0">
  <testcase classname="Practice_Questions.Q5" name="f" time="5.343"/>
</testsuite> <!-- Practice_Questions.Q5 -->
