<?xml version="1.0" encoding="UTF-8"?>
<!-- Generated by org.testng.reporters.JUnitReportReporter -->
<testsuite hostname="Chitralekha" failures="0" tests="1" name="JenkinsPac.Test1" time="7.160" errors="0" timestamp="2025-08-26T18:26:42 IST" skipped="0">
  <testcase classname="JenkinsPac.Test1" name="f" time="7.160"/>
</testsuite> <!-- JenkinsPac.Test1 -->
