<?xml version="1.0" encoding="UTF-8"?>
<!-- Generated by org.testng.reporters.JUnitReportReporter -->
<testsuite hostname="Chitralekha" failures="0" tests="10" name="com.orangehrm.tests.LoginOrangeHRM" time="6.390" errors="0" timestamp="2025-08-29T14:32:32 IST" skipped="9">
  <testcase classname="com.orangehrm.tests.LoginOrangeHRM" name="question9_Screenshot" time="6.390"/>
  <testcase classname="com.orangehrm.tests.LoginOrangeHRM" name="question5_Alertpopup">
    <skipped/>
  </testcase> <!-- question5_Alertpopup -->
  <testcase classname="com.orangehrm.tests.LoginOrangeHRM" name="verifylogin">
    <skipped/>
  </testcase> <!-- verifylogin -->
  <testcase classname="com.orangehrm.tests.LoginOrangeHRM" name="question6_Checkbox">
    <skipped/>
  </testcase> <!-- question6_Checkbox -->
  <testcase classname="com.orangehrm.tests.LoginOrangeHRM" name="question1_google">
    <skipped/>
  </testcase> <!-- question1_google -->
  <testcase classname="com.orangehrm.tests.LoginOrangeHRM" name="question3_productdetails">
    <skipped/>
  </testcase> <!-- question3_productdetails -->
  <testcase classname="com.orangehrm.tests.LoginOrangeHRM" name="question4_Dropdown">
    <skipped/>
  </testcase> <!-- question4_Dropdown -->
  <testcase classname="com.orangehrm.tests.LoginOrangeHRM" name="question2_Login">
    <skipped/>
  </testcase> <!-- question2_Login -->
  <testcase classname="com.orangehrm.tests.LoginOrangeHRM" name="question7_WebTableExtraction">
    <skipped/>
  </testcase> <!-- question7_WebTableExtraction -->
  <testcase classname="com.orangehrm.tests.LoginOrangeHRM" name="question8_windowHandaling">
    <skipped/>
  </testcase> <!-- question8_windowHandaling -->
</testsuite> <!-- com.orangehrm.tests.LoginOrangeHRM -->
