<?xml version="1.0" encoding="UTF-8"?>
<!-- Generated by org.testng.reporters.JUnitReportReporter -->
<testsuite hostname="Chitralekha" failures="0" tests="3" name="TestNG.pagefactory_login_3lab" time="25.551" errors="0" timestamp="2025-08-20T14:45:46 IST" skipped="0">
  <testcase classname="TestNG.pagefactory_login_3lab" name="f" time="11.175"/>
  <testcase classname="TestNG.pagefactory_login_3lab" name="f" time="7.299"/>
  <testcase classname="TestNG.pagefactory_login_3lab" name="f" time="7.077"/>
</testsuite> <!-- TestNG.pagefactory_login_3lab -->
