<?xml version="1.0" encoding="UTF-8"?>
<!-- Generated by org.testng.reporters.JUnitReportReporter -->
<testsuite hostname="Chitralekha" failures="0" tests="1" name="TestNG.Lab11_3q" time="4.662" errors="0" timestamp="2025-08-20T12:46:40 IST" skipped="0">
  <testcase classname="TestNG.Lab11_3q" name="f" time="4.662"/>
</testsuite> <!-- TestNG.Lab11_3q -->
