<?xml version="1.0" encoding="UTF-8"?>
<!-- Generated by org.testng.reporters.JUnitReportReporter -->
<testsuite hostname="Chitralekha" failures="0" tests="1" name="TestNG.TC001" time="8.156" errors="0" timestamp="2025-08-20T09:40:27 IST" skipped="0">
  <testcase classname="TestNG.TC001" name="f" time="8.156"/>
</testsuite> <!-- TestNG.TC001 -->
