<?xml version="1.0" encoding="UTF-8"?>
<!-- Generated by org.testng.reporters.JUnitReportReporter -->
<testsuite hostname="Chitralekha" failures="0" tests="2" name="TestNG.TC002" time="0.013" errors="0" timestamp="2025-08-18T21:27:34 IST" skipped="0">
  <testcase classname="TestNG.TC002" name="f" time="0.003"/>
  <testcase classname="TestNG.TC002" name="f" time="0.010"/>
</testsuite> <!-- TestNG.TC002 -->
