<?xml version="1.0" encoding="UTF-8"?>
<!-- Generated by org.testng.reporters.JUnitReportReporter -->
<testsuite hostname="Chitralekha" failures="0" tests="2" name="TestNG.Lab16_XMLFile" time="21.926" errors="0" timestamp="2025-08-23T17:18:23 IST" skipped="0">
  <testcase classname="TestNG.Lab16_XMLFile" name="f" time="12.965"/>
  <testcase classname="TestNG.Lab16_XMLFile" name="f" time="8.961"/>
</testsuite> <!-- TestNG.Lab16_XMLFile -->
