<?xml version="1.0" encoding="UTF-8"?>
<!-- Generated by org.testng.reporters.JUnitReportReporter -->
<testsuite hostname="Chitralekha" failures="0" tests="2" name="TestNG.Lab_3" time="14.073" errors="0" timestamp="2025-08-19T13:59:10 IST" skipped="0">
  <testcase classname="TestNG.Lab_3" name="f" time="8.212"/>
  <testcase classname="TestNG.Lab_3" name="f" time="5.861"/>
</testsuite> <!-- TestNG.Lab_3 -->
