<?xml version="1.0" encoding="UTF-8"?>
<!-- Generated by org.testng.reporters.JUnitReportReporter -->
<testsuite hostname="Chitralekha" failures="0" tests="1" name="TestNG.Lab_4" time="6.664" errors="0" timestamp="2025-08-18T21:30:02 IST" skipped="0">
  <testcase classname="TestNG.Lab_4" name="f" time="6.664"/>
</testsuite> <!-- TestNG.Lab_4 -->
