<?xml version="1.0" encoding="UTF-8"?>
<!-- Generated by org.testng.reporters.JUnitReportReporter -->
<testsuite hostname="Chitralekha" failures="0" tests="1" name="Practice_Questions.Q4_java" time="2.483" errors="0" timestamp="2025-08-26T12:02:17 IST" skipped="0">
  <testcase classname="Practice_Questions.Q4_java" name="Dropdown" time="2.483"/>
</testsuite> <!-- Practice_Questions.Q4_java -->
