<?xml version="1.0" encoding="UTF-8"?>
<!-- Generated by org.testng.reporters.JUnitReportReporter -->
<testsuite hostname="Chitralekha" failures="0" tests="1" name="Practice_Questions.Q7" time="5.537" errors="0" timestamp="2025-08-26T14:48:11 IST" skipped="0">
  <testcase classname="Practice_Questions.Q7" name="f" time="5.537"/>
</testsuite> <!-- Practice_Questions.Q7 -->
