<?xml version="1.0" encoding="UTF-8"?>
<!-- Generated by org.testng.reporters.JUnitReportReporter -->
<testsuite hostname="Chitralekha" failures="0" tests="2" name="TestNG.TC001" time="14.592" errors="0" timestamp="2025-08-18T21:27:34 IST" skipped="0">
  <testcase classname="TestNG.TC001" name="f" time="6.795"/>
  <testcase classname="TestNG.TC001" name="f" time="7.797"/>
</testsuite> <!-- TestNG.TC001 -->
