<?xml version="1.0" encoding="UTF-8"?>
<!-- Generated by org.testng.reporters.JUnitReportReporter -->
<testsuite hostname="Chitralekha" failures="0" tests="1" name="Practice_Questions.Q9_ScreenShot" time="2.632" errors="0" timestamp="2025-08-26T15:01:02 IST" skipped="0">
  <testcase classname="Practice_Questions.Q9_ScreenShot" name="f" time="2.632"/>
</testsuite> <!-- Practice_Questions.Q9_ScreenShot -->
