<?xml version="1.0" encoding="UTF-8"?>
<!-- Generated by org.testng.reporters.JUnitReportReporter -->
<testsuite hostname="Chitralekha" failures="0" tests="1" name="Practice_Questions.Q2_Java" time="6.017" errors="0" timestamp="2025-08-26T10:25:07 IST" skipped="0">
  <testcase classname="Practice_Questions.Q2_Java" name="f" time="6.017"/>
</testsuite> <!-- Practice_Questions.Q2_Java -->
