<?xml version="1.0" encoding="UTF-8"?>
<!-- Generated by org.testng.reporters.JUnitReportReporter -->
<testsuite hostname="Chitralekha" failures="0" tests="3" name="TestNG.PageFactory_Reports" time="38.785" errors="0" timestamp="2025-08-20T18:08:37 IST" skipped="0">
  <testcase classname="TestNG.PageFactory_Reports" name="f" time="13.378"/>
  <testcase classname="TestNG.PageFactory_Reports" name="f" time="13.147"/>
  <testcase classname="TestNG.PageFactory_Reports" name="f" time="12.260"/>
</testsuite> <!-- TestNG.PageFactory_Reports -->
