<?xml version="1.0" encoding="UTF-8"?>
<!-- Generated by org.testng.reporters.JUnitReportReporter -->
<testsuite hostname="Chitralekha" failures="0" tests="1" name="TestNG.Lab_4" time="7.596" errors="0" timestamp="2025-08-19T13:59:52 IST" skipped="0">
  <testcase classname="TestNG.Lab_4" name="f" time="7.596"/>
</testsuite> <!-- TestNG.Lab_4 -->
