<?xml version="1.0" encoding="UTF-8"?>
<!-- Generated by org.testng.reporters.JUnitReportReporter -->
<testsuite hostname="Chitralekha" failures="0" tests="2" name="TestNG.Lab_3" time="11.605" errors="0" timestamp="2025-08-18T21:30:02 IST" skipped="0">
  <testcase classname="TestNG.Lab_3" name="f" time="5.429"/>
  <testcase classname="TestNG.Lab_3" name="f" time="6.176"/>
</testsuite> <!-- TestNG.Lab_3 -->
