<?xml version="1.0" encoding="UTF-8"?>
<!-- Generated by org.testng.reporters.JUnitReportReporter -->
<testsuite hostname="Chitralekha" failures="0" tests="1" name="Practice_Questions.Q3_java" time="11.640" errors="0" timestamp="2025-08-26T11:37:58 IST" skipped="0">
  <testcase classname="Practice_Questions.Q3_java" name="f" time="11.640"/>
</testsuite> <!-- Practice_Questions.Q3_java -->
