<?xml version="1.0" encoding="UTF-8"?>
<!-- Generated by org.testng.reporters.JUnitReportReporter -->
<testsuite hostname="Chitralekha" failures="0" tests="3" name="TestNG.Lab9_3q" time="22.460" errors="0" timestamp="2025-08-19T17:10:09 IST" skipped="0">
  <testcase classname="TestNG.Lab9_3q" name="f" time="6.836"/>
  <testcase classname="TestNG.Lab9_3q" name="f" time="6.627"/>
  <testcase classname="TestNG.Lab9_3q" name="f" time="8.997"/>
</testsuite> <!-- TestNG.Lab9_3q -->
