<?xml version="1.0" encoding="UTF-8"?>
<!-- Generated by org.testng.reporters.JUnitReportReporter -->
<testsuite hostname="Chitralekha" failures="0" tests="3" name="TestNG.Lab9_4q" time="27.940" errors="0" timestamp="2025-08-19T17:10:09 IST" skipped="0">
  <testcase classname="TestNG.Lab9_4q" name="f" time="11.714"/>
  <testcase classname="TestNG.Lab9_4q" name="f" time="10.114"/>
  <testcase classname="TestNG.Lab9_4q" name="f" time="6.112"/>
</testsuite> <!-- TestNG.Lab9_4q -->
