<?xml version="1.0" encoding="UTF-8"?>
<!-- Generated by org.testng.reporters.JUnitReportReporter -->
<testsuite hostname="Chitralekha" failures="0" tests="2" name="TestNG.Lab_14" time="12.752" errors="0" timestamp="2025-08-21T12:52:50 IST" skipped="0">
  <testcase classname="TestNG.Lab_14" name="f" time="6.887"/>
  <testcase classname="TestNG.Lab_14" name="f" time="5.865"/>
</testsuite> <!-- TestNG.Lab_14 -->
